[0m[[0mdebug[0m] [0mRunning TaskDef(edu.knoldus.FileOperationTester, org.scalatest.tools.Framework$$anon$1@556ac243, false, [SuiteSelector])[0m
[0m[[0minfo[0m] [0m[36mRun completed in 578 milliseconds.[0m[0m
[0m[[0minfo[0m] [0m[36mTotal number of tests run: 5[0m[0m
[0m[[0minfo[0m] [0m[36mSuites: completed 1, aborted 0[0m[0m
[0m[[0minfo[0m] [0m[36mTests: succeeded 3, failed 2, canceled 0, ignored 0, pending 0[0m[0m
[0m[[0minfo[0m] [0m[31m*** 2 TESTS FAILED ***[0m[0m
[0m[[31merror[0m] [0mFailed tests:[0m
[0m[[31merror[0m] [0m	edu.knoldus.FileOperationTester[0m
[0m[[31merror[0m] [0m(test:[31mtest[0m) sbt.TestsFailedException: Tests unsuccessful[0m
